<?xml version="1.0" encoding="UTF-8"?>
<!-- Generated by org.testng.reporters.JUnitXMLReporter -->
<testsuite hostname="DESKTOP-FVP1BCF" ignored="0" name="testngTest" tests="7" failures="0" timestamp="21 Jul 2019 06:55:59 GMT" time="160.412" errors="0">
  <testcase name="launchURL" time="7.918" classname="com.selenium.SalesforceE2E.E2ESFDCTest"/>
  <testcase name="Tc1_login" time="21.894" classname="com.selenium.SalesforceE2E.E2ESFDCTest"/>
  <testcase name="Tc2_LoginError" time="12.006" classname="com.selenium.SalesforceE2E.E2ESFDCTest"/>
  <testcase name="Tc3_CheckRememberMe" time="32.719" classname="com.selenium.SalesforceE2E.E2ESFDCTest"/>
  <testcase name="Tc4A_ForgotPassword" time="15.242" classname="com.selenium.SalesforceE2E.E2ESFDCTest"/>
  <testcase name="Tc4B_ValidateLoginErrorMessage" time="16.761" classname="com.selenium.SalesforceE2E.E2ESFDCTest"/>
  <testcase name="Tc08_DeveloperConsole" time="49.735" classname="com.selenium.SalesforceE2E.E2ESFDCTest"/>
</testsuite> <!-- testngTest -->
