<?xml version="1.0" encoding="UTF-8"?>
<testng-results skipped="0" failed="0" ignored="0" total="6" passed="6">
  <reporter-output>
  </reporter-output>
  <suite name="Default suite" duration-ms="134893" started-at="2019-07-18T17:51:48Z" finished-at="2019-07-18T17:54:03Z">
    <groups>
    </groups>
    <test name="Default test" duration-ms="134893" started-at="2019-07-18T17:51:48Z" finished-at="2019-07-18T17:54:03Z">
      <class name="com.selenium.SalesforceE2E.E2ESFDCTest">
        <test-method status="PASS" signature="initialize_driver()[pri:0, instance:com.selenium.SalesforceE2E.E2ESFDCTest@7f77e91b]" name="initialize_driver" is-config="true" duration-ms="2931" started-at="2019-07-18T17:51:48Z" finished-at="2019-07-18T17:51:51Z">
          <reporter-output>
          </reporter-output>
        </test-method> <!-- initialize_driver -->
        <test-method status="PASS" signature="launchURL()[pri:1, instance:com.selenium.SalesforceE2E.E2ESFDCTest@7f77e91b]" name="launchURL" duration-ms="10673" started-at="2019-07-18T17:51:51Z" finished-at="2019-07-18T17:52:02Z">
          <reporter-output>
          </reporter-output>
        </test-method> <!-- launchURL -->
        <test-method status="PASS" signature="Tc1_login()[pri:2, instance:com.selenium.SalesforceE2E.E2ESFDCTest@7f77e91b]" name="Tc1_login" duration-ms="25999" started-at="2019-07-18T17:52:02Z" finished-at="2019-07-18T17:52:28Z">
          <reporter-output>
          </reporter-output>
        </test-method> <!-- Tc1_login -->
        <test-method status="PASS" signature="Tc2_LoginError()[pri:3, instance:com.selenium.SalesforceE2E.E2ESFDCTest@7f77e91b]" name="Tc2_LoginError" duration-ms="15023" started-at="2019-07-18T17:52:28Z" finished-at="2019-07-18T17:52:43Z">
          <reporter-output>
          </reporter-output>
        </test-method> <!-- Tc2_LoginError -->
        <test-method status="PASS" signature="TC3_CheckRememberMe()[pri:4, instance:com.selenium.SalesforceE2E.E2ESFDCTest@7f77e91b]" name="TC3_CheckRememberMe" duration-ms="41133" started-at="2019-07-18T17:52:43Z" finished-at="2019-07-18T17:53:24Z">
          <reporter-output>
          </reporter-output>
        </test-method> <!-- TC3_CheckRememberMe -->
        <test-method status="PASS" signature="TC4A_ForgotPassword()[pri:5, instance:com.selenium.SalesforceE2E.E2ESFDCTest@7f77e91b]" name="TC4A_ForgotPassword" duration-ms="17394" started-at="2019-07-18T17:53:24Z" finished-at="2019-07-18T17:53:41Z">
          <reporter-output>
          </reporter-output>
        </test-method> <!-- TC4A_ForgotPassword -->
        <test-method status="PASS" signature="TC4B_ValidateLoginErrorMessage()[pri:6, instance:com.selenium.SalesforceE2E.E2ESFDCTest@7f77e91b]" name="TC4B_ValidateLoginErrorMessage" duration-ms="21484" started-at="2019-07-18T17:53:41Z" finished-at="2019-07-18T17:54:03Z">
          <reporter-output>
          </reporter-output>
        </test-method> <!-- TC4B_ValidateLoginErrorMessage -->
        <test-method status="PASS" signature="logger()[pri:0, instance:com.selenium.SalesforceE2E.E2ESFDCTest@7f77e91b]" name="logger" is-config="true" duration-ms="222" started-at="2019-07-18T17:54:03Z" finished-at="2019-07-18T17:54:03Z">
          <reporter-output>
          </reporter-output>
        </test-method> <!-- logger -->
      </class> <!-- com.selenium.SalesforceE2E.E2ESFDCTest -->
    </test> <!-- Default test -->
  </suite> <!-- Default suite -->
</testng-results>
