<?xml version="1.0" encoding="UTF-8"?>
<!-- Generated by org.testng.reporters.JUnitXMLReporter -->
<testsuite hostname="DESKTOP-FVP1BCF" ignored="0" name="Default test" tests="6" failures="0" timestamp="19 Jul 2019 20:52:24 GMT" time="128.474" errors="0">
  <testcase name="launchURL" time="10.653" classname="com.selenium.SalesforceE2E.E2ESFDCTest"/>
  <testcase name="Tc1_login" time="24.547" classname="com.selenium.SalesforceE2E.E2ESFDCTest"/>
  <testcase name="Tc2_LoginError" time="14.561" classname="com.selenium.SalesforceE2E.E2ESFDCTest"/>
  <testcase name="TC3_CheckRememberMe" time="37.168" classname="com.selenium.SalesforceE2E.E2ESFDCTest"/>
  <testcase name="TC4A_ForgotPassword" time="18.713" classname="com.selenium.SalesforceE2E.E2ESFDCTest"/>
  <testcase name="TC4B_ValidateLoginErrorMessage" time="19.41" classname="com.selenium.SalesforceE2E.E2ESFDCTest"/>
</testsuite> <!-- Default test -->
