<?xml version="1.0" encoding="UTF-8"?>
<!-- Generated by org.testng.reporters.JUnitXMLReporter -->
<testsuite hostname="DESKTOP-FVP1BCF" ignored="0" name="Default test" tests="6" failures="0" timestamp="18 Jul 2019 17:54:03 GMT" time="134.893" errors="0">
  <testcase name="launchURL" time="10.673" classname="com.selenium.SalesforceE2E.E2ESFDCTest"/>
  <testcase name="Tc1_login" time="25.999" classname="com.selenium.SalesforceE2E.E2ESFDCTest"/>
  <testcase name="Tc2_LoginError" time="15.023" classname="com.selenium.SalesforceE2E.E2ESFDCTest"/>
  <testcase name="TC3_CheckRememberMe" time="41.133" classname="com.selenium.SalesforceE2E.E2ESFDCTest"/>
  <testcase name="TC4A_ForgotPassword" time="17.394" classname="com.selenium.SalesforceE2E.E2ESFDCTest"/>
  <testcase name="TC4B_ValidateLoginErrorMessage" time="21.484" classname="com.selenium.SalesforceE2E.E2ESFDCTest"/>
</testsuite> <!-- Default test -->
