<?xml version="1.0" encoding="UTF-8"?>
<testsuite xmlns:xsi="http://www.w3.org/2001/XMLSchema-instance" xsi:schemaLocation="https://maven.apache.org/surefire/maven-surefire-plugin/xsd/surefire-test-report.xsd" name="TestSuite" time="161.719" tests="7" errors="0" skipped="0" failures="0">
  <properties>
[...]
</properties>
  <testcase name="launchURL" classname="com.selenium.SalesforceE2E.E2ESFDCTest" time="7.92"/>
  <testcase name="Tc1_login" classname="com.selenium.SalesforceE2E.E2ESFDCTest" time="21.895"/>
  <testcase name="Tc2_LoginError" classname="com.selenium.SalesforceE2E.E2ESFDCTest" time="12.006"/>
  <testcase name="Tc3_CheckRememberMe" classname="com.selenium.SalesforceE2E.E2ESFDCTest" time="32.719"/>
  <testcase name="Tc4A_ForgotPassword" classname="com.selenium.SalesforceE2E.E2ESFDCTest" time="15.243"/>
  <testcase name="Tc4B_ValidateLoginErrorMessage" classname="com.selenium.SalesforceE2E.E2ESFDCTest" time="16.761"/>
  <testcase name="Tc08_DeveloperConsole" classname="com.selenium.SalesforceE2E.E2ESFDCTest" time="49.735"/>
</testsuite>